<?xml version="1.0" encoding="UTF-8"?>
<!-- Generated by org.testng.reporters.JUnitReportReporter -->
<testsuite hostname="TYSS-Pavan" failures="0" tests="3" name="testng.practice.DataProvider_Excel" time="0.008" errors="0" timestamp="2022-11-10T12:33:38 IST" skipped="0">
  <testcase classname="testng.practice.DataProvider_Excel" name="dataprovider" time="0.006"/>
  <system-out/>
  <testcase classname="testng.practice.DataProvider_Excel" name="dataprovider" time="0.001"/>
  <system-out/>
  <testcase classname="testng.practice.DataProvider_Excel" name="dataprovider" time="0.001"/>
  <system-out/>
</testsuite> <!-- testng.practice.DataProvider_Excel -->
