<?xml version="1.0" encoding="UTF-8"?>
<!-- Generated by org.testng.reporters.JUnitReportReporter -->
<testsuite hostname="TYSS-Pavan" failures="0" tests="1" name="testng.practice.Group" time="0.007" errors="0" timestamp="2022-11-10T11:50:17 IST" skipped="0">
  <testcase classname="testng.practice.Group" name="addProducttocart" time="0.007"/>
  <system-out/>
</testsuite> <!-- testng.practice.Group -->
