<?xml version="1.0" encoding="UTF-8"?>
<!-- Generated by org.testng.reporters.JUnitReportReporter -->
<testsuite hostname="TYSS-Pavan" failures="0" tests="2" name="maven.CreateLeadTest" time="0.024" errors="0" timestamp="2022-11-17T11:46:03 IST" skipped="0">
  <testcase classname="maven.CreateLeadTest" name="createNewlead" time="0.022"/>
  <system-out/>
  <testcase classname="maven.CreateLeadTest" name="createlead" time="0.002"/>
  <system-out/>
</testsuite> <!-- maven.CreateLeadTest -->
