<?xml version="1.0" encoding="UTF-8"?>
<!-- Generated by org.testng.reporters.JUnitReportReporter -->
<testsuite hostname="TYSS-Pavan" failures="0" tests="1" name="practice.MavenPrameterTest" time="0.016" errors="0" timestamp="2022-11-14T15:12:52 IST" skipped="0">
  <testcase classname="practice.MavenPrameterTest" name="datatest" time="0.016"/>
  <system-out/>
</testsuite> <!-- practice.MavenPrameterTest -->
