<?xml version="1.0" encoding="UTF-8"?>
<!-- Generated by org.testng.reporters.JUnitReportReporter -->
<testsuite hostname="TYSS-Pavan" failures="0" tests="1" name="maven.CreateOrgTest" time="0.007" errors="0" timestamp="2022-11-15T12:26:18 IST" skipped="0">
  <testcase classname="maven.CreateOrgTest" name="createorg" time="0.007"/>
  <system-out/>
</testsuite> <!-- maven.CreateOrgTest -->
