<?xml version="1.0" encoding="UTF-8"?>
<!-- Generated by org.testng.reporters.JUnitReportReporter -->
<testsuite hostname="TYSS-Pavan" failures="0" tests="5" name="testng.practice.Group" time="0.023" errors="0" timestamp="2022-12-07T12:00:54 IST" skipped="0">
  <testcase classname="testng.practice.Group" name="logout" time="0.014"/>
  <system-out/>
  <testcase classname="testng.practice.Group" name="singup" time="0.002"/>
  <system-out/>
  <testcase classname="testng.practice.Group" name="login" time="0.003"/>
  <system-out/>
  <testcase classname="testng.practice.Group" name="changeDelveryaddress" time="0.002"/>
  <system-out/>
  <testcase classname="testng.practice.Group" name="addProducttocart" time="0.002"/>
  <system-out/>
</testsuite> <!-- testng.practice.Group -->
