<?xml version="1.0" encoding="UTF-8"?>
<!-- Generated by org.testng.reporters.JUnitReportReporter -->
<testsuite hostname="TYSS-Pavan" failures="0" tests="3" name="testng.practice.DataProvider_1" time="0.010" errors="0" timestamp="2022-11-10T11:10:00 IST" skipped="0">
  <testcase classname="testng.practice.DataProvider_1" name="dataprovider" time="0.002"/>
  <system-out/>
  <testcase classname="testng.practice.DataProvider_1" name="dataprovider" time="0.001"/>
  <system-out/>
  <testcase classname="testng.practice.DataProvider_1" name="dataprovider" time="0.007"/>
  <system-out/>
</testsuite> <!-- testng.practice.DataProvider_1 -->
