<?xml version="1.0" encoding="UTF-8"?>
<!-- Generated by org.testng.reporters.JUnitReportReporter -->
<testsuite hostname="TYSS-Pavan" failures="0" tests="1" name="practice.Report" time="3.677" errors="0" timestamp="2022-12-09T12:38:57 IST" skipped="0">
  <testcase classname="practice.Report" name="createreport" time="3.677"/>
  <system-out/>
</testsuite> <!-- practice.Report -->
