<?xml version="1.0" encoding="UTF-8"?>
<!-- Generated by org.testng.reporters.JUnitReportReporter -->
<testsuite hostname="TYSS-Pavan" failures="0" tests="1" name="maven.CreateContactTest" time="0.003" errors="0" timestamp="2022-11-17T11:46:03 IST" skipped="0">
  <testcase classname="maven.CreateContactTest" name="createcontact" time="0.003"/>
  <system-out/>
</testsuite> <!-- maven.CreateContactTest -->
