<?xml version="1.0" encoding="UTF-8"?>
<!-- Generated by org.testng.reporters.JUnitReportReporter -->
<testsuite hostname="TYSS-Pavan" failures="0" tests="1" name="maven.CreateContactTest" time="0.001" errors="0" timestamp="2022-11-15T12:12:47 IST" skipped="0">
  <testcase classname="maven.CreateContactTest" name="createcontact" time="0.001"/>
  <system-out/>
</testsuite> <!-- maven.CreateContactTest -->
