<?xml version="1.0" encoding="UTF-8"?>
<!-- Generated by org.testng.reporters.JUnitReportReporter -->
<testsuite hostname="TYSS-Pavan" failures="0" tests="1" name="maven.CreateLeadTest" time="0.006" errors="0" timestamp="2022-11-15T12:12:47 IST" skipped="0">
  <testcase classname="maven.CreateLeadTest" name="createlead" time="0.006"/>
  <system-out/>
</testsuite> <!-- maven.CreateLeadTest -->
